<?xml version="1.0" encoding="UTF-8"?>
<testng-results ignored="0" total="3" passed="3" failed="0" skipped="0">
  <reporter-output>
    <line>
      <![CDATA[This is demo TestNG class]]>
    </line>
    <line>
      <![CDATA[This is Remo class TestNG Class]]>
    </line>
    <line>
      <![CDATA[This is Sumo TestNG class]]>
    </line>
  </reporter-output>
  <suite started-at="2023-07-17T14:24:31 IST" name="Suite" finished-at="2023-07-17T14:24:55 IST" duration-ms="24121">
    <groups>
    </groups>
    <test started-at="2023-07-17T14:24:31 IST" name="Test" finished-at="2023-07-17T14:24:55 IST" duration-ms="24121">
      <class name="testNGPackage.Sumo">
        <test-method signature="h()[pri:0, instance:testNGPackage.Sumo@3febb011]" started-at="2023-07-17T14:24:48 IST" name="h" finished-at="2023-07-17T14:24:55 IST" duration-ms="6933" status="PASS">
          <reporter-output>
            <line>
              <![CDATA[This is Sumo TestNG class]]>
            </line>
          </reporter-output>
        </test-method> <!-- h -->
      </class> <!-- testNGPackage.Sumo -->
      <class name="testNGPackage.Demo">
        <test-method signature="f()[pri:0, instance:testNGPackage.Demo@7e07db1f]" started-at="2023-07-17T14:24:31 IST" name="f" finished-at="2023-07-17T14:24:41 IST" duration-ms="10116" status="PASS">
          <reporter-output>
            <line>
              <![CDATA[This is demo TestNG class]]>
            </line>
          </reporter-output>
        </test-method> <!-- f -->
      </class> <!-- testNGPackage.Demo -->
      <class name="testNGPackage.Remo">
        <test-method signature="g()[pri:0, instance:testNGPackage.Remo@74fe5c40]" started-at="2023-07-17T14:24:41 IST" name="g" finished-at="2023-07-17T14:24:48 IST" duration-ms="6926" status="PASS">
          <reporter-output>
            <line>
              <![CDATA[This is Remo class TestNG Class]]>
            </line>
          </reporter-output>
        </test-method> <!-- g -->
      </class> <!-- testNGPackage.Remo -->
    </test> <!-- Test -->
  </suite> <!-- Suite -->
</testng-results>
