<?xml version="1.0" encoding="UTF-8"?>
<!-- Generated by org.testng.reporters.JUnitXMLReporter -->
<testsuite ignored="1" hostname="DESKTOP-6PV51OG" failures="1" tests="1" name="Test(failed)" time="0.11" errors="0" timestamp="2023-07-17T15:12:30 IST">
  <testcase classname="testNGPack2.Sumo2" name="m2" time="0.025">
    <failure type="java.lang.ArithmeticException" message="/ by zero">
      <![CDATA[java.lang.ArithmeticException: / by zero
at testNGPack2.Sumo2.m2(Sumo2.java:19)
at java.base/java.util.ArrayList.forEach(ArrayList.java:1511)
... Removed 25 stack frames]]>
    </failure>
  </testcase> <!-- m2 -->
  <testcase classname="testNGPack2.Sumo2" name="m1" time="0.0">
    <ignored/>
  </testcase> <!-- m1 -->
</testsuite> <!-- Test(failed) -->
