<?xml version="1.0" encoding="UTF-8"?>
<!-- Generated by org.testng.reporters.JUnitXMLReporter -->
<testsuite ignored="0" hostname="DESKTOP-6PV51OG" failures="0" tests="18" name="Default test" time="0.476" errors="0" timestamp="2023-07-22T15:25:01 IST">
  <testcase classname="flags.Flag6" name="It1" time="0.042"/>
  <testcase classname="flags.Flag6" name="It2" time="0.006"/>
  <testcase classname="flags.Flag6" name="It3" time="0.005"/>
  <testcase classname="flags.Flag6" name="It4" time="0.004"/>
  <testcase classname="flags.Flag6" name="It5" time="0.009"/>
  <testcase classname="flags.Flag6" name="It6" time="0.01"/>
  <testcase classname="flags.Flag6" name="ft1" time="0.007"/>
  <testcase classname="flags.Flag6" name="ft2" time="0.005"/>
  <testcase classname="flags.Flag6" name="ft3" time="0.007"/>
  <testcase classname="flags.Flag6" name="ft4" time="0.003"/>
  <testcase classname="flags.Flag6" name="ft5" time="0.003"/>
  <testcase classname="flags.Flag6" name="ft6" time="0.006"/>
  <testcase classname="flags.Flag6" name="st1" time="0.004"/>
  <testcase classname="flags.Flag6" name="st2" time="0.011"/>
  <testcase classname="flags.Flag6" name="st3" time="0.004"/>
  <testcase classname="flags.Flag6" name="st4" time="0.009"/>
  <testcase classname="flags.Flag6" name="st5" time="0.002"/>
  <testcase classname="flags.Flag6" name="st6" time="0.002"/>
</testsuite> <!-- Default test -->
