<?xml version="1.0" encoding="UTF-8"?>
<!-- Generated by org.testng.reporters.JUnitXMLReporter -->
<testsuite ignored="12" hostname="DESKTOP-6PV51OG" failures="0" tests="6" name="Test" time="0.282" errors="0" timestamp="2023-07-22T15:34:07 IST">
  <testcase classname="flags.Flag6" name="st1" time="0.045"/>
  <testcase classname="flags.Flag6" name="st2" time="0.007"/>
  <testcase classname="flags.Flag6" name="st3" time="0.006"/>
  <testcase classname="flags.Flag6" name="st4" time="0.006"/>
  <testcase classname="flags.Flag6" name="st5" time="0.007"/>
  <testcase classname="flags.Flag6" name="st6" time="0.006"/>
  <testcase classname="flags.Flag6" name="It3" time="0.0">
    <ignored/>
  </testcase> <!-- It3 -->
  <testcase classname="flags.Flag6" name="It4" time="0.0">
    <ignored/>
  </testcase> <!-- It4 -->
  <testcase classname="flags.Flag6" name="ft1" time="0.0">
    <ignored/>
  </testcase> <!-- ft1 -->
  <testcase classname="flags.Flag6" name="ft4" time="0.0">
    <ignored/>
  </testcase> <!-- ft4 -->
  <testcase classname="flags.Flag6" name="It5" time="0.0">
    <ignored/>
  </testcase> <!-- It5 -->
  <testcase classname="flags.Flag6" name="ft5" time="0.0">
    <ignored/>
  </testcase> <!-- ft5 -->
  <testcase classname="flags.Flag6" name="It6" time="0.0">
    <ignored/>
  </testcase> <!-- It6 -->
  <testcase classname="flags.Flag6" name="ft2" time="0.0">
    <ignored/>
  </testcase> <!-- ft2 -->
  <testcase classname="flags.Flag6" name="ft3" time="0.0">
    <ignored/>
  </testcase> <!-- ft3 -->
  <testcase classname="flags.Flag6" name="It1" time="0.0">
    <ignored/>
  </testcase> <!-- It1 -->
  <testcase classname="flags.Flag6" name="It2" time="0.0">
    <ignored/>
  </testcase> <!-- It2 -->
  <testcase classname="flags.Flag6" name="ft6" time="0.0">
    <ignored/>
  </testcase> <!-- ft6 -->
</testsuite> <!-- Test -->
